<?xml version="1.0" encoding="UTF-8"?>
<!-- Generated by org.testng.reporters.JUnitReportReporter -->
<testsuite hostname="N301310" failures="0" tests="5" name="Testcases.TC_0001_checkforlogin" time="2.529" errors="0" timestamp="2023-10-24T22:58:16 IST" skipped="0">
  <testcase classname="Testcases.TC_0001_checkforlogin" name="aftercheck1" time="0.007"/>
  <testcase classname="Testcases.TC_0001_checkforlogin" name="basecheck1" time="2.517"/>
  <testcase classname="Testcases.TC_0001_checkforlogin" name="check1" time="0.001"/>
  <testcase classname="Testcases.TC_0001_checkforlogin" name="excelread" time="0.002"/>
  <testcase classname="Testcases.TC_0001_checkforlogin" name="excelread" time="0.002"/>
</testsuite> <!-- Testcases.TC_0001_checkforlogin -->
