<?xml version="1.0" encoding="UTF-8"?>
<!-- Generated by org.testng.reporters.JUnitReportReporter -->
<testsuite hostname="FWS-CHE-LT-9168" failures="0" tests="10" name="Testcases.TC_0003_RahushettyTC" time="36.709" errors="0" timestamp="2024-01-19T16:09:11 IST" skipped="0">
  <testcase classname="Testcases.TC_0003_RahushettyTC" name="init" time="0.075"/>
  <testcase classname="Testcases.TC_0003_RahushettyTC" name="clickradiobutton" time="1.867"/>
  <testcase classname="Testcases.TC_0003_RahushettyTC" name="alertpopuphandler" time="0.901"/>
  <testcase classname="Testcases.TC_0003_RahushettyTC" name="displayalllinks" time="1.704"/>
  <testcase classname="Testcases.TC_0003_RahushettyTC" name="windowhandler" time="23.249"/>
  <testcase classname="Testcases.TC_0003_RahushettyTC" name="dynamictablehandler" time="1.389"/>
  <testcase classname="Testcases.TC_0003_RahushettyTC" name="brokenlinkvalidations" time="4.952"/>
  <testcase classname="Testcases.TC_0003_RahushettyTC" name="selectdropdown" time="0.167"/>
  <testcase classname="Testcases.TC_0003_RahushettyTC" name="suggestionbox" time="2.086"/>
  <testcase classname="Testcases.TC_0003_RahushettyTC" name="checkboxclick" time="0.319"/>
</testsuite> <!-- Testcases.TC_0003_RahushettyTC -->
