<?xml version="1.0" encoding="UTF-8"?>
<!-- Generated by org.testng.reporters.JUnitReportReporter -->
<testsuite hostname="N301310" failures="0" tests="1" name="Testcases.TC_0002_Calculator" time="3.170" errors="0" timestamp="2023-10-25T17:32:54 IST" skipped="0">
  <testcase classname="Testcases.TC_0002_Calculator" name="Enterdetails" time="3.170"/>
</testsuite> <!-- Testcases.TC_0002_Calculator -->
