<?xml version="1.0" encoding="UTF-8"?>
<!-- Generated by org.testng.reporters.JUnitReportReporter -->
<testsuite hostname="N301310" failures="0" tests="1" name="Testcases.TC_0002_mercurytoursTC" time="3.014" errors="0" timestamp="2023-10-25T17:09:16 IST" skipped="0">
  <testcase classname="Testcases.TC_0002_mercurytoursTC" name="registration" time="3.014"/>
</testsuite> <!-- Testcases.TC_0002_mercurytoursTC -->
