<?xml version="1.0" encoding="UTF-8"?>
<!-- Generated by org.testng.reporters.JUnitReportReporter -->
<testsuite hostname="FWS-CHE-LT-9168" failures="0" tests="15" name="Testcases.TC_0003_RahushettyTC" time="96.840" errors="0" timestamp="2024-01-29T18:15:58 IST" skipped="0">
  <testcase classname="Testcases.TC_0003_RahushettyTC" name="init" time="0.088"/>
  <testcase classname="Testcases.TC_0003_RahushettyTC" name="clickradiobutton" time="1.737"/>
  <testcase classname="Testcases.TC_0003_RahushettyTC" name="alertpopuphandler" time="1.432"/>
  <testcase classname="Testcases.TC_0003_RahushettyTC" name="displayalllinks" time="0.626"/>
  <testcase classname="Testcases.TC_0003_RahushettyTC" name="windowhandler" time="23.161"/>
  <testcase classname="Testcases.TC_0003_RahushettyTC" name="dynamictablehandler" time="1.769"/>
  <testcase classname="Testcases.TC_0003_RahushettyTC" name="brokenlinkvalidations" time="4.908"/>
  <testcase classname="Testcases.TC_0003_RahushettyTC" name="selectdropdown" time="0.170"/>
  <testcase classname="Testcases.TC_0003_RahushettyTC" name="suggestionbox" time="1.938"/>
  <testcase classname="Testcases.TC_0003_RahushettyTC" name="checkboxclick" time="0.401"/>
  <testcase classname="Testcases.TC_0003_RahushettyTC" name="newtabhandling" time="7.594"/>
  <testcase classname="Testcases.TC_0003_RahushettyTC" name="alerthandler2" time="0.732"/>
  <testcase classname="Testcases.TC_0003_RahushettyTC" name="mousehoverhandling" time="1.089"/>
  <testcase classname="Testcases.TC_0003_RahushettyTC" name="iframeaccess" time="50.475"/>
  <testcase classname="Testcases.TC_0003_RahushettyTC" name="outsidelinkaccess" time="0.720"/>
</testsuite> <!-- Testcases.TC_0003_RahushettyTC -->
