<?xml version="1.0" encoding="UTF-8"?>
<!-- Generated by org.testng.reporters.JUnitReportReporter -->
<testsuite hostname="N301310" failures="0" tests="5" name="Testcases.TC_0001_checkforlogin" time="6.791" errors="0" timestamp="2023-10-25T16:00:22 IST" skipped="0">
  <testcase classname="Testcases.TC_0001_checkforlogin" name="aftercheck1" time="0.011"/>
  <testcase classname="Testcases.TC_0001_checkforlogin" name="basecheck1" time="6.777"/>
  <testcase classname="Testcases.TC_0001_checkforlogin" name="check1" time="0.001"/>
  <testcase classname="Testcases.TC_0001_checkforlogin" name="excelread" time="0.001"/>
  <testcase classname="Testcases.TC_0001_checkforlogin" name="excelread" time="0.001"/>
</testsuite> <!-- Testcases.TC_0001_checkforlogin -->
