<?xml version="1.0" encoding="UTF-8"?>
<!-- Generated by org.testng.reporters.JUnitReportReporter -->
<testsuite hostname="N301310" failures="0" tests="1" name="Testcases.TC_0001_checkforlogin" time="0.009" errors="0" timestamp="2023-10-13T17:23:39 IST" skipped="0">
  <testcase classname="Testcases.TC_0001_checkforlogin" name="check1" time="0.009"/>
</testsuite> <!-- Testcases.TC_0001_checkforlogin -->
