<?xml version="1.0" encoding="UTF-8"?>
<!-- Generated by org.testng.reporters.JUnitReportReporter -->
<testsuite hostname="FWS-CHE-LT-9168" failures="0" tests="9" name="Testcases.TC_0003_RahushettyTC" time="23.078" errors="0" timestamp="2024-01-18T17:31:00 IST" skipped="0">
  <testcase classname="Testcases.TC_0003_RahushettyTC" name="init" time="0.084"/>
  <testcase classname="Testcases.TC_0003_RahushettyTC" name="clickradiobutton" time="1.541"/>
  <testcase classname="Testcases.TC_0003_RahushettyTC" name="alertpopuphandler" time="1.153"/>
  <testcase classname="Testcases.TC_0003_RahushettyTC" name="displayalllinks" time="0.590"/>
  <testcase classname="Testcases.TC_0003_RahushettyTC" name="windowhandler" time="10.904"/>
  <testcase classname="Testcases.TC_0003_RahushettyTC" name="dynamictablehandler" time="1.646"/>
  <testcase classname="Testcases.TC_0003_RahushettyTC" name="brokenlinkvalidations" time="4.898"/>
  <testcase classname="Testcases.TC_0003_RahushettyTC" name="selectdropdown" time="0.178"/>
  <testcase classname="Testcases.TC_0003_RahushettyTC" name="suggestionbox" time="2.084"/>
</testsuite> <!-- Testcases.TC_0003_RahushettyTC -->
