<?xml version="1.0" encoding="UTF-8"?>
<!-- Generated by org.testng.reporters.JUnitReportReporter -->
<testsuite hostname="FWS-CHE-LT-9168" failures="0" tests="11" name="Testcases.TC_0003_RahushettyTC" time="33.037" errors="0" timestamp="2024-01-22T12:57:11 IST" skipped="0">
  <testcase classname="Testcases.TC_0003_RahushettyTC" name="init" time="0.105"/>
  <testcase classname="Testcases.TC_0003_RahushettyTC" name="clickradiobutton" time="1.860"/>
  <testcase classname="Testcases.TC_0003_RahushettyTC" name="alertpopuphandler" time="0.984"/>
  <testcase classname="Testcases.TC_0003_RahushettyTC" name="displayalllinks" time="1.182"/>
  <testcase classname="Testcases.TC_0003_RahushettyTC" name="windowhandler" time="10.820"/>
  <testcase classname="Testcases.TC_0003_RahushettyTC" name="dynamictablehandler" time="1.651"/>
  <testcase classname="Testcases.TC_0003_RahushettyTC" name="brokenlinkvalidations" time="6.461"/>
  <testcase classname="Testcases.TC_0003_RahushettyTC" name="selectdropdown" time="0.164"/>
  <testcase classname="Testcases.TC_0003_RahushettyTC" name="suggestionbox" time="1.893"/>
  <testcase classname="Testcases.TC_0003_RahushettyTC" name="checkboxclick" time="0.312"/>
  <testcase classname="Testcases.TC_0003_RahushettyTC" name="newtabhandling" time="7.605"/>
</testsuite> <!-- Testcases.TC_0003_RahushettyTC -->
