<?xml version="1.0" encoding="UTF-8"?>
<!-- Generated by org.testng.reporters.JUnitReportReporter -->
<testsuite hostname="N301310" failures="0" tests="3" name="Testcases.TC_0001_checkforlogin" time="0.011" errors="0" timestamp="2023-10-17T17:31:49 IST" skipped="0">
  <testcase classname="Testcases.TC_0001_checkforlogin" name="aftercheck1" time="0.007"/>
  <testcase classname="Testcases.TC_0001_checkforlogin" name="basecheck1" time="0.002"/>
  <testcase classname="Testcases.TC_0001_checkforlogin" name="check1" time="0.002"/>
</testsuite> <!-- Testcases.TC_0001_checkforlogin -->
